<?xml version="1.0" encoding="UTF-8"?>
<!-- Generated by org.testng.reporters.JUnitReportReporter -->
<testsuite hostname="QT-INBG-LT0409" failures="0" tests="7" name="mobileWorld.ContactUs" time="6.477" errors="0" timestamp="2022-06-16T17:34:24 IST" skipped="0">
  <testcase classname="mobileWorld.ContactUs" name="launchBrowser" time="3.503"/>
  <system-out/>
  <testcase classname="mobileWorld.ContactUs" name="clickContactUs" time="2.326"/>
  <system-out/>
  <testcase classname="mobileWorld.ContactUs" name="enterName" time="0.073"/>
  <system-out/>
  <testcase classname="mobileWorld.ContactUs" name="enterMail" time="0.071"/>
  <system-out/>
  <testcase classname="mobileWorld.ContactUs" name="enterPhoneNumber" time="0.068"/>
  <system-out/>
  <testcase classname="mobileWorld.ContactUs" name="enterMessage" time="0.064"/>
  <system-out/>
  <testcase classname="mobileWorld.ContactUs" name="clickOnSend" time="0.372"/>
  <system-out/>
</testsuite> <!-- mobileWorld.ContactUs -->
