<?xml version="1.0" encoding="UTF-8"?>
<!-- Generated by org.testng.reporters.JUnitReportReporter -->
<testsuite hostname="QT-INBG-LT0409" failures="0" tests="7" name="mobileWorld.HomePage" time="13.057" errors="0" timestamp="2022-06-16T18:33:51 IST" skipped="0">
  <testcase classname="mobileWorld.HomePage" name="launchBrowser" time="5.373"/>
  <system-out/>
  <testcase classname="mobileWorld.HomePage" name="verifyWelcome" time="0.070"/>
  <system-out/>
  <testcase classname="mobileWorld.HomePage" name="verifyLatest" time="0.057"/>
  <system-out/>
  <testcase classname="mobileWorld.HomePage" name="clickOnVerify" time="2.257"/>
  <system-out/>
  <testcase classname="mobileWorld.HomePage" name="clickOnMore" time="2.776"/>
  <system-out/>
  <testcase classname="mobileWorld.HomePage" name="clickOnSupport" time="0.140"/>
  <system-out/>
  <testcase classname="mobileWorld.HomePage" name="clickOnContact" time="2.384"/>
  <system-out/>
</testsuite> <!-- mobileWorld.HomePage -->
