<?xml version="1.0" encoding="UTF-8"?>
<!-- Generated by org.testng.reporters.JUnitReportReporter -->
<testsuite hostname="QT-INBG-LT0409" failures="0" tests="18" name="mobileWorld.Order" time="8.594" errors="0" timestamp="2022-06-16T18:34:13 IST" skipped="0">
  <testcase classname="mobileWorld.Order" name="launchBrowser" time="3.857"/>
  <system-out/>
  <testcase classname="mobileWorld.Order" name="enterFirstName" time="0.179"/>
  <system-out/>
  <testcase classname="mobileWorld.Order" name="enterLastName" time="0.121"/>
  <system-out/>
  <testcase classname="mobileWorld.Order" name="enterEmailId" time="0.082"/>
  <system-out/>
  <testcase classname="mobileWorld.Order" name="enterPassword" time="0.124"/>
  <system-out/>
  <testcase classname="mobileWorld.Order" name="selectGender" time="0.150"/>
  <system-out/>
  <testcase classname="mobileWorld.Order" name="enterNumber" time="0.131"/>
  <system-out/>
  <testcase classname="mobileWorld.Order" name="enterAddress1" time="0.118"/>
  <system-out/>
  <testcase classname="mobileWorld.Order" name="enterAddress2" time="0.091"/>
  <system-out/>
  <testcase classname="mobileWorld.Order" name="enterCity" time="0.088"/>
  <system-out/>
  <testcase classname="mobileWorld.Order" name="selectState" time="0.122"/>
  <system-out/>
  <testcase classname="mobileWorld.Order" name="enterZIP" time="0.124"/>
  <system-out/>
  <testcase classname="mobileWorld.Order" name="selectBrand" time="0.182"/>
  <system-out/>
  <testcase classname="mobileWorld.Order" name="selectModel" time="0.061"/>
  <system-out/>
  <testcase classname="mobileWorld.Order" name="enterCount" time="0.060"/>
  <system-out/>
  <testcase classname="mobileWorld.Order" name="selectHaveYouBought" time="0.113"/>
  <system-out/>
  <testcase classname="mobileWorld.Order" name="selectCheck" time="0.228"/>
  <system-out/>
  <testcase classname="mobileWorld.Order" name="selectOrder" time="2.763"/>
  <system-out/>
</testsuite> <!-- mobileWorld.Order -->
