<?xml version="1.0" encoding="UTF-8"?>
<!-- Generated by org.testng.reporters.JUnitReportReporter -->
<testsuite hostname="QT-INBG-LT0409" failures="0" tests="11" name="mobileWorld.SignUp" time="7.069" errors="0" timestamp="2022-06-16T17:02:20 IST" skipped="0">
  <testcase classname="mobileWorld.SignUp" name="launchBrowser" time="3.716"/>
  <system-out/>
  <testcase classname="mobileWorld.SignUp" name="clickOnSignUp" time="0.452"/>
  <system-out/>
  <testcase classname="mobileWorld.SignUp" name="enterFirstName" time="0.080"/>
  <system-out/>
  <testcase classname="mobileWorld.SignUp" name="enterLastName" time="0.062"/>
  <system-out/>
  <testcase classname="mobileWorld.SignUp" name="enterMail" time="0.077"/>
  <system-out/>
  <testcase classname="mobileWorld.SignUp" name="enterPassword" time="0.071"/>
  <system-out/>
  <testcase classname="mobileWorld.SignUp" name="enterDOB" time="0.070"/>
  <system-out/>
  <testcase classname="mobileWorld.SignUp" name="selectGender" time="0.046"/>
  <system-out/>
  <testcase classname="mobileWorld.SignUp" name="enterPhoneNumber" time="0.062"/>
  <system-out/>
  <testcase classname="mobileWorld.SignUp" name="clickOnRegister" time="2.169"/>
  <system-out/>
  <testcase classname="mobileWorld.SignUp" name="clickOnSignIn" time="0.264"/>
  <system-out/>
</testsuite> <!-- mobileWorld.SignUp -->
