<?xml version="1.0" encoding="UTF-8"?>
<!-- Generated by org.testng.reporters.JUnitReportReporter -->
<testsuite hostname="QT-INBG-LT0409" failures="0" tests="4" name="mobileWorld.SignIn" time="4.287" errors="0" timestamp="2022-06-16T17:10:39 IST" skipped="0">
  <testcase classname="mobileWorld.SignIn" name="launchBrowser" time="2.960"/>
  <system-out/>
  <testcase classname="mobileWorld.SignIn" name="enterUserName" time="0.083"/>
  <system-out/>
  <testcase classname="mobileWorld.SignIn" name="enterPassword" time="0.074"/>
  <system-out/>
  <testcase classname="mobileWorld.SignIn" name="clickOnLogin" time="1.170"/>
  <system-out/>
</testsuite> <!-- mobileWorld.SignIn -->
