<?xml version="1.0" encoding="UTF-8"?>
<!-- Generated by org.testng.reporters.JUnitReportReporter -->
<testsuite hostname="QT-INBG-LT0409" failures="0" tests="10" name="mobileWorld.AllMobiles" time="8.511" errors="0" timestamp="2022-06-16T14:28:19 IST" skipped="0">
  <testcase classname="mobileWorld.AllMobiles" name="launchBrowser" time="4.148"/>
  <system-out/>
  <testcase classname="mobileWorld.AllMobiles" name="allMobiles" time="0.769"/>
  <system-out/>
  <testcase classname="mobileWorld.AllMobiles" name="searchLenovo" time="0.219"/>
  <system-out/>
  <testcase classname="mobileWorld.AllMobiles" name="searchSamsung" time="0.185"/>
  <system-out/>
  <testcase classname="mobileWorld.AllMobiles" name="wrongApple" time="0.171"/>
  <system-out/>
  <testcase classname="mobileWorld.AllMobiles" name="wrongSamsung" time="0.128"/>
  <system-out/>
  <testcase classname="mobileWorld.AllMobiles" name="twoCharacter" time="0.193"/>
  <system-out/>
  <testcase classname="mobileWorld.AllMobiles" name="InvalidMob" time="0.165"/>
  <system-out/>
  <testcase classname="mobileWorld.AllMobiles" name="order" time="2.210"/>
  <system-out/>
  <testcase classname="mobileWorld.AllMobiles" name="courseVerify" time="0.323"/>
  <system-out/>
</testsuite> <!-- mobileWorld.AllMobiles -->
